<?xml version="1.0" encoding="UTF-8"?><testsuite failures="1" name="cucumber.runtime.formatter.JUnitFormatter" skipped="1" tests="2" time="11.372601">
<testcase classname="Buying one product" name="Buy a product as a guest" time="9.853893">
<failure message="java.lang.NullPointerException&#10;&#9;at com.selfridges.test.vijay1.I_choose_collection_point_as_with_deliver_to_(vijay1.java:64)&#10;&#9;at ✽.And I choose collection point as &quot;London&quot; with deliver to &quot;Mr&quot;, &quot;vijay&quot;,&quot;kayyam&quot;,&quot;vijay.20886@gmail.com&quot;,&quot;07769359185&quot;(main/resources/com/selfridges/test/vijay1.feature:18)&#10;"><![CDATA[Given Im on Selfridges website..............................................passed
When I hover over "L1_category_name" and I selected "L2_category" and added a first item in the basket.passed
And I choose collection point as "London" with deliver to "Mr", "vijay","kayyam","vijay.20886@gmail.com","07769359185".failed
And I paid towards my product with "4111111111111111","Fname Lname","March","2015","001","AL10 0UG","Line1","Line2","Line3","Line4".skipped
Then I should get an order confirmation.....................................skipped

StackTrace:
java.lang.NullPointerException
	at com.selfridges.test.vijay1.I_choose_collection_point_as_with_deliver_to_(vijay1.java:64)
	at ✽.And I choose collection point as "London" with deliver to "Mr", "vijay","kayyam","vijay.20886@gmail.com","07769359185"(main/resources/com/selfridges/test/vijay1.feature:18)
]]></failure>
</testcase>
<testcase classname="Buying one product" name="Buy a product as a guest_1" time="1.518708">
<skipped><![CDATA[Given Im on Selfridges website..............................................passed
When I hover over Mens and I selected All categories and added a first item in the basket.undefined
And I choose collection point as "London" with deliver to "Mr", "vijay","kayyam","vijay.20886@gmail.com","07769359185".skipped
And I paid towards my product with "4111111111111111","Fname Lname","March","2015","001","AL10 0UG","Line1","Line2","Line3","Line4".skipped
Then I should get an order confirmation.....................................skipped
]]></skipped>
</testcase>
</testsuite>
