<?xml version="1.0" encoding="UTF-8"?><testsuite failures="0" name="cucumber.runtime.formatter.JUnitFormatter" skipped="2" tests="2" time="26.849476">
<testcase classname="Verifying the search functionality" name="Searching for a term which fetches the results_2" time="14.94155">
<skipped><![CDATA[Given I am on Selfridges website............................................undefined
When I enter a search term "jeans" in search field..........................undefined
Then I should see seacrh results displayed..................................undefined
]]></skipped>
</testcase>
<testcase classname="Verifying the search functionality" name="Searching for a term which fetches the results_1" time="11.907926">
<skipped><![CDATA[Given I am on Selfridges website............................................undefined
When I enter a search term "dresses" in search field........................undefined
Then I should see seacrh results displayed..................................undefined
]]></skipped>
</testcase>
</testsuite>
